Determining if the pthread_create exist failed with the following output:
Change Dir: /home/laptop/catkin_ws/build/catkin_tools_prebuild/CMakeFiles/CMakeTmp

Run Build Command:"/usr/bin/make" "cmTC_4523d/fast"
/usr/bin/make -f CMakeFiles/cmTC_4523d.dir/build.make CMakeFiles/cmTC_4523d.dir/build
make[1]: se entra en el directorio '/home/laptop/catkin_ws/build/catkin_tools_prebuild/CMakeFiles/CMakeTmp'
Building C object CMakeFiles/cmTC_4523d.dir/CheckSymbolExists.c.o
/usr/bin/cc    -o CMakeFiles/cmTC_4523d.dir/CheckSymbolExists.c.o   -c /home/laptop/catkin_ws/build/catkin_tools_prebuild/CMakeFiles/CMakeTmp/CheckSymbolExists.c
Linking C executable cmTC_4523d
/usr/bin/cmake -E cmake_link_script CMakeFiles/cmTC_4523d.dir/link.txt --verbose=1
/usr/bin/cc      -rdynamic CMakeFiles/cmTC_4523d.dir/CheckSymbolExists.c.o  -o cmTC_4523d 
CMakeFiles/cmTC_4523d.dir/CheckSymbolExists.c.o: En la función `main':
CheckSymbolExists.c:(.text+0x1b): referencia a `pthread_create' sin definir
collect2: error: ld returned 1 exit status
CMakeFiles/cmTC_4523d.dir/build.make:97: recipe for target 'cmTC_4523d' failed
make[1]: *** [cmTC_4523d] Error 1
make[1]: se sale del directorio '/home/laptop/catkin_ws/build/catkin_tools_prebuild/CMakeFiles/CMakeTmp'
Makefile:126: recipe for target 'cmTC_4523d/fast' failed
make: *** [cmTC_4523d/fast] Error 2

File /home/laptop/catkin_ws/build/catkin_tools_prebuild/CMakeFiles/CMakeTmp/CheckSymbolExists.c:
/* */
#include <pthread.h>

int main(int argc, char** argv)
{
  (void)argv;
#ifndef pthread_create
  return ((int*)(&pthread_create))[argc];
#else
  (void)argc;
  return 0;
#endif
}

Determining if the function pthread_create exists in the pthreads failed with the following output:
Change Dir: /home/laptop/catkin_ws/build/catkin_tools_prebuild/CMakeFiles/CMakeTmp

Run Build Command:"/usr/bin/make" "cmTC_54b2a/fast"
/usr/bin/make -f CMakeFiles/cmTC_54b2a.dir/build.make CMakeFiles/cmTC_54b2a.dir/build
make[1]: se entra en el directorio '/home/laptop/catkin_ws/build/catkin_tools_prebuild/CMakeFiles/CMakeTmp'
Building C object CMakeFiles/cmTC_54b2a.dir/CheckFunctionExists.c.o
/usr/bin/cc   -DCHECK_FUNCTION_EXISTS=pthread_create   -o CMakeFiles/cmTC_54b2a.dir/CheckFunctionExists.c.o   -c /usr/share/cmake-3.10/Modules/CheckFunctionExists.c
Linking C executable cmTC_54b2a
/usr/bin/cmake -E cmake_link_script CMakeFiles/cmTC_54b2a.dir/link.txt --verbose=1
/usr/bin/cc  -DCHECK_FUNCTION_EXISTS=pthread_create    -rdynamic CMakeFiles/cmTC_54b2a.dir/CheckFunctionExists.c.o  -o cmTC_54b2a -lpthreads 
/usr/bin/ld: no se puede encontrar -lpthreads
collect2: error: ld returned 1 exit status
CMakeFiles/cmTC_54b2a.dir/build.make:97: recipe for target 'cmTC_54b2a' failed
make[1]: *** [cmTC_54b2a] Error 1
make[1]: se sale del directorio '/home/laptop/catkin_ws/build/catkin_tools_prebuild/CMakeFiles/CMakeTmp'
Makefile:126: recipe for target 'cmTC_54b2a/fast' failed
make: *** [cmTC_54b2a/fast] Error 2


