Determining if the pthread_create exist failed with the following output:
Change Dir: /home/laptop/catkin_ws/build/bebop_driver/CMakeFiles/CMakeTmp

Run Build Command:"/usr/bin/make" "cmTC_3f6fa/fast"
/usr/bin/make -f CMakeFiles/cmTC_3f6fa.dir/build.make CMakeFiles/cmTC_3f6fa.dir/build
make[1]: se entra en el directorio '/home/laptop/catkin_ws/build/bebop_driver/CMakeFiles/CMakeTmp'
Building C object CMakeFiles/cmTC_3f6fa.dir/CheckSymbolExists.c.o
/usr/bin/cc    -o CMakeFiles/cmTC_3f6fa.dir/CheckSymbolExists.c.o   -c /home/laptop/catkin_ws/build/bebop_driver/CMakeFiles/CMakeTmp/CheckSymbolExists.c
Linking C executable cmTC_3f6fa
/usr/bin/cmake -E cmake_link_script CMakeFiles/cmTC_3f6fa.dir/link.txt --verbose=1
/usr/bin/cc      -rdynamic CMakeFiles/cmTC_3f6fa.dir/CheckSymbolExists.c.o  -o cmTC_3f6fa 
CMakeFiles/cmTC_3f6fa.dir/CheckSymbolExists.c.o: En la función `main':
CheckSymbolExists.c:(.text+0x1b): referencia a `pthread_create' sin definir
collect2: error: ld returned 1 exit status
CMakeFiles/cmTC_3f6fa.dir/build.make:97: recipe for target 'cmTC_3f6fa' failed
make[1]: *** [cmTC_3f6fa] Error 1
make[1]: se sale del directorio '/home/laptop/catkin_ws/build/bebop_driver/CMakeFiles/CMakeTmp'
Makefile:126: recipe for target 'cmTC_3f6fa/fast' failed
make: *** [cmTC_3f6fa/fast] Error 2

File /home/laptop/catkin_ws/build/bebop_driver/CMakeFiles/CMakeTmp/CheckSymbolExists.c:
/* */
#include <pthread.h>

int main(int argc, char** argv)
{
  (void)argv;
#ifndef pthread_create
  return ((int*)(&pthread_create))[argc];
#else
  (void)argc;
  return 0;
#endif
}

Determining if the function pthread_create exists in the pthreads failed with the following output:
Change Dir: /home/laptop/catkin_ws/build/bebop_driver/CMakeFiles/CMakeTmp

Run Build Command:"/usr/bin/make" "cmTC_a384b/fast"
/usr/bin/make -f CMakeFiles/cmTC_a384b.dir/build.make CMakeFiles/cmTC_a384b.dir/build
make[1]: se entra en el directorio '/home/laptop/catkin_ws/build/bebop_driver/CMakeFiles/CMakeTmp'
Building C object CMakeFiles/cmTC_a384b.dir/CheckFunctionExists.c.o
/usr/bin/cc   -DCHECK_FUNCTION_EXISTS=pthread_create   -o CMakeFiles/cmTC_a384b.dir/CheckFunctionExists.c.o   -c /usr/share/cmake-3.10/Modules/CheckFunctionExists.c
Linking C executable cmTC_a384b
/usr/bin/cmake -E cmake_link_script CMakeFiles/cmTC_a384b.dir/link.txt --verbose=1
/usr/bin/cc  -DCHECK_FUNCTION_EXISTS=pthread_create    -rdynamic CMakeFiles/cmTC_a384b.dir/CheckFunctionExists.c.o  -o cmTC_a384b -lpthreads 
/usr/bin/ld: no se puede encontrar -lpthreads
collect2: error: ld returned 1 exit status
CMakeFiles/cmTC_a384b.dir/build.make:97: recipe for target 'cmTC_a384b' failed
make[1]: *** [cmTC_a384b] Error 1
make[1]: se sale del directorio '/home/laptop/catkin_ws/build/bebop_driver/CMakeFiles/CMakeTmp'
Makefile:126: recipe for target 'cmTC_a384b/fast' failed
make: *** [cmTC_a384b/fast] Error 2


