Determining if the pthread_create exist failed with the following output:
Change Dir: /home/laptop/catkin_ws/build/bebop_tools/CMakeFiles/CMakeTmp

Run Build Command:"/usr/bin/make" "cmTC_8f306/fast"
/usr/bin/make -f CMakeFiles/cmTC_8f306.dir/build.make CMakeFiles/cmTC_8f306.dir/build
make[1]: se entra en el directorio '/home/laptop/catkin_ws/build/bebop_tools/CMakeFiles/CMakeTmp'
Building C object CMakeFiles/cmTC_8f306.dir/CheckSymbolExists.c.o
/usr/bin/cc    -o CMakeFiles/cmTC_8f306.dir/CheckSymbolExists.c.o   -c /home/laptop/catkin_ws/build/bebop_tools/CMakeFiles/CMakeTmp/CheckSymbolExists.c
Linking C executable cmTC_8f306
/usr/bin/cmake -E cmake_link_script CMakeFiles/cmTC_8f306.dir/link.txt --verbose=1
/usr/bin/cc      -rdynamic CMakeFiles/cmTC_8f306.dir/CheckSymbolExists.c.o  -o cmTC_8f306 
CMakeFiles/cmTC_8f306.dir/CheckSymbolExists.c.o: En la función `main':
CheckSymbolExists.c:(.text+0x1b): referencia a `pthread_create' sin definir
collect2: error: ld returned 1 exit status
CMakeFiles/cmTC_8f306.dir/build.make:97: recipe for target 'cmTC_8f306' failed
make[1]: *** [cmTC_8f306] Error 1
make[1]: se sale del directorio '/home/laptop/catkin_ws/build/bebop_tools/CMakeFiles/CMakeTmp'
Makefile:126: recipe for target 'cmTC_8f306/fast' failed
make: *** [cmTC_8f306/fast] Error 2

File /home/laptop/catkin_ws/build/bebop_tools/CMakeFiles/CMakeTmp/CheckSymbolExists.c:
/* */
#include <pthread.h>

int main(int argc, char** argv)
{
  (void)argv;
#ifndef pthread_create
  return ((int*)(&pthread_create))[argc];
#else
  (void)argc;
  return 0;
#endif
}

Determining if the function pthread_create exists in the pthreads failed with the following output:
Change Dir: /home/laptop/catkin_ws/build/bebop_tools/CMakeFiles/CMakeTmp

Run Build Command:"/usr/bin/make" "cmTC_47aea/fast"
/usr/bin/make -f CMakeFiles/cmTC_47aea.dir/build.make CMakeFiles/cmTC_47aea.dir/build
make[1]: se entra en el directorio '/home/laptop/catkin_ws/build/bebop_tools/CMakeFiles/CMakeTmp'
Building C object CMakeFiles/cmTC_47aea.dir/CheckFunctionExists.c.o
/usr/bin/cc   -DCHECK_FUNCTION_EXISTS=pthread_create   -o CMakeFiles/cmTC_47aea.dir/CheckFunctionExists.c.o   -c /usr/share/cmake-3.10/Modules/CheckFunctionExists.c
Linking C executable cmTC_47aea
/usr/bin/cmake -E cmake_link_script CMakeFiles/cmTC_47aea.dir/link.txt --verbose=1
/usr/bin/cc  -DCHECK_FUNCTION_EXISTS=pthread_create    -rdynamic CMakeFiles/cmTC_47aea.dir/CheckFunctionExists.c.o  -o cmTC_47aea -lpthreads 
/usr/bin/ld: no se puede encontrar -lpthreads
collect2: error: ld returned 1 exit status
CMakeFiles/cmTC_47aea.dir/build.make:97: recipe for target 'cmTC_47aea' failed
make[1]: *** [cmTC_47aea] Error 1
make[1]: se sale del directorio '/home/laptop/catkin_ws/build/bebop_tools/CMakeFiles/CMakeTmp'
Makefile:126: recipe for target 'cmTC_47aea/fast' failed
make: *** [cmTC_47aea/fast] Error 2


