Determining if the pthread_create exist failed with the following output:
Change Dir: /home/laptop/catkin_ws/build/rotors_description/CMakeFiles/CMakeTmp

Run Build Command:"/usr/bin/make" "cmTC_8c3a4/fast"
/usr/bin/make -f CMakeFiles/cmTC_8c3a4.dir/build.make CMakeFiles/cmTC_8c3a4.dir/build
make[1]: se entra en el directorio '/home/laptop/catkin_ws/build/rotors_description/CMakeFiles/CMakeTmp'
Building C object CMakeFiles/cmTC_8c3a4.dir/CheckSymbolExists.c.o
/usr/bin/cc    -o CMakeFiles/cmTC_8c3a4.dir/CheckSymbolExists.c.o   -c /home/laptop/catkin_ws/build/rotors_description/CMakeFiles/CMakeTmp/CheckSymbolExists.c
Linking C executable cmTC_8c3a4
/usr/bin/cmake -E cmake_link_script CMakeFiles/cmTC_8c3a4.dir/link.txt --verbose=1
/usr/bin/cc      -rdynamic CMakeFiles/cmTC_8c3a4.dir/CheckSymbolExists.c.o  -o cmTC_8c3a4 
CMakeFiles/cmTC_8c3a4.dir/CheckSymbolExists.c.o: En la función `main':
CheckSymbolExists.c:(.text+0x1b): referencia a `pthread_create' sin definir
collect2: error: ld returned 1 exit status
CMakeFiles/cmTC_8c3a4.dir/build.make:97: recipe for target 'cmTC_8c3a4' failed
make[1]: *** [cmTC_8c3a4] Error 1
make[1]: se sale del directorio '/home/laptop/catkin_ws/build/rotors_description/CMakeFiles/CMakeTmp'
Makefile:126: recipe for target 'cmTC_8c3a4/fast' failed
make: *** [cmTC_8c3a4/fast] Error 2

File /home/laptop/catkin_ws/build/rotors_description/CMakeFiles/CMakeTmp/CheckSymbolExists.c:
/* */
#include <pthread.h>

int main(int argc, char** argv)
{
  (void)argv;
#ifndef pthread_create
  return ((int*)(&pthread_create))[argc];
#else
  (void)argc;
  return 0;
#endif
}

Determining if the function pthread_create exists in the pthreads failed with the following output:
Change Dir: /home/laptop/catkin_ws/build/rotors_description/CMakeFiles/CMakeTmp

Run Build Command:"/usr/bin/make" "cmTC_52196/fast"
/usr/bin/make -f CMakeFiles/cmTC_52196.dir/build.make CMakeFiles/cmTC_52196.dir/build
make[1]: se entra en el directorio '/home/laptop/catkin_ws/build/rotors_description/CMakeFiles/CMakeTmp'
Building C object CMakeFiles/cmTC_52196.dir/CheckFunctionExists.c.o
/usr/bin/cc   -DCHECK_FUNCTION_EXISTS=pthread_create   -o CMakeFiles/cmTC_52196.dir/CheckFunctionExists.c.o   -c /usr/share/cmake-3.10/Modules/CheckFunctionExists.c
Linking C executable cmTC_52196
/usr/bin/cmake -E cmake_link_script CMakeFiles/cmTC_52196.dir/link.txt --verbose=1
/usr/bin/cc  -DCHECK_FUNCTION_EXISTS=pthread_create    -rdynamic CMakeFiles/cmTC_52196.dir/CheckFunctionExists.c.o  -o cmTC_52196 -lpthreads 
/usr/bin/ld: no se puede encontrar -lpthreads
collect2: error: ld returned 1 exit status
CMakeFiles/cmTC_52196.dir/build.make:97: recipe for target 'cmTC_52196' failed
make[1]: *** [cmTC_52196] Error 1
make[1]: se sale del directorio '/home/laptop/catkin_ws/build/rotors_description/CMakeFiles/CMakeTmp'
Makefile:126: recipe for target 'cmTC_52196/fast' failed
make: *** [cmTC_52196/fast] Error 2


